<?xml version="1.0" encoding="UTF-8"?>
<testsuite xmlns:xsi="http://www.w3.org/2001/XMLSchema-instance" xsi:noNamespaceSchemaLocation="https://maven.apache.org/surefire/maven-surefire-plugin/xsd/surefire-test-report-3.0.xsd" version="3.0" name="com.shotaroi.pensionservice.citizen.CitizenControllerTest" time="2.664" tests="3" errors="0" skipped="0" failures="0">
  <properties>
[...]
</properties>
  <testcase name="createCitizen_shouldReturn201" classname="com.shotaroi.pensionservice.citizen.CitizenControllerTest" time="0.536">
    <system-out><![CDATA[&amp#27;[2m2026-03-07T00:45:22.632+01:00&amp#27;[0;39m &amp#27;[32m INFO&amp#27;[0;39m &amp#27;[35m83087&amp#27;[0;39m &amp#27;[2m---&amp#27;[0;39m &amp#27;[2m[pension-benefit-microservice-platform] [           main]&amp#27;[0;39m &amp#27;[2m&amp#27;[0;39m&amp#27;[36mt.c.s.AnnotationConfigContextLoaderUtils&amp#27;[0;39m &amp#27;[2m:&amp#27;[0;39m Could not detect default configuration classes for test class [com.shotaroi.pensionservice.citizen.CitizenControllerTest]: CitizenControllerTest does not declare any static, non-private, non-final, nested classes annotated with @Configuration.
&amp#27;[2m2026-03-07T00:45:22.720+01:00&amp#27;[0;39m &amp#27;[32m INFO&amp#27;[0;39m &amp#27;[35m83087&amp#27;[0;39m &amp#27;[2m---&amp#27;[0;39m &amp#27;[2m[pension-benefit-microservice-platform] [           main]&amp#27;[0;39m &amp#27;[2m&amp#27;[0;39m&amp#27;[36m.b.t.c.SpringBootTestContextBootstrapper&amp#27;[0;39m &amp#27;[2m:&amp#27;[0;39m Found @SpringBootConfiguration com.shotaroi.pensionservice.PensionServiceApplication for test class com.shotaroi.pensionservice.citizen.CitizenControllerTest

  .   ____          _            __ _ _
 /\\ / ___'_ __ _ _(_)_ __  __ _ \ \ \ \
( ( )\___ | '_ | '_| | '_ \/ _` | \ \ \ \
 \\/  ___)| |_)| | | | | || (_| |  ) ) ) )
  '  |____| .__|_| |_|_| |_\__, | / / / /
 =========|_|==============|___/=/_/_/_/
&amp#27;[32m :: Spring Boot :: &amp#27;[39m              &amp#27;[2m (v3.2.5)&amp#27;[0;39m

&amp#27;[2m2026-03-07T00:45:22.841+01:00&amp#27;[0;39m &amp#27;[32m INFO&amp#27;[0;39m &amp#27;[35m83087&amp#27;[0;39m &amp#27;[2m---&amp#27;[0;39m &amp#27;[2m[pension-benefit-microservice-platform] [           main]&amp#27;[0;39m &amp#27;[2m&amp#27;[0;39m&amp#27;[36mc.s.p.citizen.CitizenControllerTest     &amp#27;[0;39m &amp#27;[2m:&amp#27;[0;39m Starting CitizenControllerTest using Java 24.0.1 with PID 83087 (started by shotaroishii in /Users/shotaroishii/Documents/GitHub/Pension-Benefit-Microservice-Platform)
&amp#27;[2m2026-03-07T00:45:22.842+01:00&amp#27;[0;39m &amp#27;[32m INFO&amp#27;[0;39m &amp#27;[35m83087&amp#27;[0;39m &amp#27;[2m---&amp#27;[0;39m &amp#27;[2m[pension-benefit-microservice-platform] [           main]&amp#27;[0;39m &amp#27;[2m&amp#27;[0;39m&amp#27;[36mc.s.p.citizen.CitizenControllerTest     &amp#27;[0;39m &amp#27;[2m:&amp#27;[0;39m No active profile set, falling back to 1 default profile: "default"
&amp#27;[2m2026-03-07T00:45:23.802+01:00&amp#27;[0;39m &amp#27;[32m INFO&amp#27;[0;39m &amp#27;[35m83087&amp#27;[0;39m &amp#27;[2m---&amp#27;[0;39m &amp#27;[2m[pension-benefit-microservice-platform] [           main]&amp#27;[0;39m &amp#27;[2m&amp#27;[0;39m&amp#27;[36mo.s.s.web.DefaultSecurityFilterChain    &amp#27;[0;39m &amp#27;[2m:&amp#27;[0;39m Will secure any request with [org.springframework.security.web.session.DisableEncodeUrlFilter@1e594828, org.springframework.security.web.context.request.async.WebAsyncManagerIntegrationFilter@5b3eb1dd, org.springframework.security.web.context.SecurityContextHolderFilter@7e798721, org.springframework.security.web.header.HeaderWriterFilter@2a830f73, org.springframework.web.filter.CorsFilter@35771602, org.springframework.security.web.authentication.logout.LogoutFilter@7ad9ff43, org.springframework.security.web.authentication.www.BasicAuthenticationFilter@2b4f99e5, org.springframework.security.web.savedrequest.RequestCacheAwareFilter@4b8f60fe, org.springframework.security.web.servletapi.SecurityContextHolderAwareRequestFilter@7a615950, org.springframework.security.web.authentication.AnonymousAuthenticationFilter@622031f8, org.springframework.security.web.access.ExceptionTranslationFilter@2622efb0, org.springframework.security.web.access.intercept.AuthorizationFilter@3a3a93b3]
&amp#27;[2m2026-03-07T00:45:24.304+01:00&amp#27;[0;39m &amp#27;[32m INFO&amp#27;[0;39m &amp#27;[35m83087&amp#27;[0;39m &amp#27;[2m---&amp#27;[0;39m &amp#27;[2m[pension-benefit-microservice-platform] [           main]&amp#27;[0;39m &amp#27;[2m&amp#27;[0;39m&amp#27;[36mo.s.b.t.m.w.SpringBootMockServletContext&amp#27;[0;39m &amp#27;[2m:&amp#27;[0;39m Initializing Spring TestDispatcherServlet ''
&amp#27;[2m2026-03-07T00:45:24.315+01:00&amp#27;[0;39m &amp#27;[32m INFO&amp#27;[0;39m &amp#27;[35m83087&amp#27;[0;39m &amp#27;[2m---&amp#27;[0;39m &amp#27;[2m[pension-benefit-microservice-platform] [           main]&amp#27;[0;39m &amp#27;[2m&amp#27;[0;39m&amp#27;[36mo.s.t.web.servlet.TestDispatcherServlet &amp#27;[0;39m &amp#27;[2m:&amp#27;[0;39m Initializing Servlet ''
&amp#27;[2m2026-03-07T00:45:24.318+01:00&amp#27;[0;39m &amp#27;[32m INFO&amp#27;[0;39m &amp#27;[35m83087&amp#27;[0;39m &amp#27;[2m---&amp#27;[0;39m &amp#27;[2m[pension-benefit-microservice-platform] [           main]&amp#27;[0;39m &amp#27;[2m&amp#27;[0;39m&amp#27;[36mo.s.t.web.servlet.TestDispatcherServlet &amp#27;[0;39m &amp#27;[2m:&amp#27;[0;39m Completed initialization in 1 ms
&amp#27;[2m2026-03-07T00:45:24.375+01:00&amp#27;[0;39m &amp#27;[32m INFO&amp#27;[0;39m &amp#27;[35m83087&amp#27;[0;39m &amp#27;[2m---&amp#27;[0;39m &amp#27;[2m[pension-benefit-microservice-platform] [           main]&amp#27;[0;39m &amp#27;[2m&amp#27;[0;39m&amp#27;[36mc.s.p.citizen.CitizenControllerTest     &amp#27;[0;39m &amp#27;[2m:&amp#27;[0;39m Started CitizenControllerTest in 1.638 seconds (process running for 26.441)
]]></system-out>
  </testcase>
  <testcase name="getAllCitizens_shouldReturn200" classname="com.shotaroi.pensionservice.citizen.CitizenControllerTest" time="0.182"/>
  <testcase name="getCitizenById_shouldReturn200" classname="com.shotaroi.pensionservice.citizen.CitizenControllerTest" time="0.138"/>
</testsuite>