<?xml version="1.0" encoding="UTF-8"?>
<testsuite xmlns:xsi="http://www.w3.org/2001/XMLSchema-instance" xsi:noNamespaceSchemaLocation="https://maven.apache.org/surefire/maven-surefire-plugin/xsd/surefire-test-report-3.0.xsd" version="3.0" name="com.shotaroi.pensionservice.pension.PensionCalculationIntegrationTest" time="22.622" tests="1" errors="0" skipped="0" failures="0">
  <properties>
[...]
</properties>
  <testcase name="pensionCalculation_fullFlow" classname="com.shotaroi.pensionservice.pension.PensionCalculationIntegrationTest" time="2.278">
    <system-out><![CDATA[00:44:59.935 [main] INFO org.springframework.test.context.support.AnnotationConfigContextLoaderUtils -- Could not detect default configuration classes for test class [com.shotaroi.pensionservice.pension.PensionCalculationIntegrationTest]: PensionCalculationIntegrationTest does not declare any static, non-private, non-final, nested classes annotated with @Configuration.
00:45:00.298 [main] INFO org.springframework.boot.test.context.SpringBootTestContextBootstrapper -- Found @SpringBootConfiguration com.shotaroi.pensionservice.PensionServiceApplication for test class com.shotaroi.pensionservice.pension.PensionCalculationIntegrationTest

  .   ____          _            __ _ _
 /\\ / ___'_ __ _ _(_)_ __  __ _ \ \ \ \
( ( )\___ | '_ | '_| | '_ \/ _` | \ \ \ \
 \\/  ___)| |_)| | | | | || (_| |  ) ) ) )
  '  |____| .__|_| |_|_| |_\__, | / / / /
 =========|_|==============|___/=/_/_/_/
&amp#27;[32m :: Spring Boot :: &amp#27;[39m              &amp#27;[2m (v3.2.5)&amp#27;[0;39m

&amp#27;[2m2026-03-07T00:45:02.084+01:00&amp#27;[0;39m &amp#27;[32m INFO&amp#27;[0;39m &amp#27;[35m83087&amp#27;[0;39m &amp#27;[2m---&amp#27;[0;39m &amp#27;[2m[pension-benefit-microservice-platform] [           main]&amp#27;[0;39m &amp#27;[2m&amp#27;[0;39m&amp#27;[36morg.testcontainers.images.PullPolicy    &amp#27;[0;39m &amp#27;[2m:&amp#27;[0;39m Image pull policy will be performed by: DefaultPullPolicy()
&amp#27;[2m2026-03-07T00:45:02.094+01:00&amp#27;[0;39m &amp#27;[32m INFO&amp#27;[0;39m &amp#27;[35m83087&amp#27;[0;39m &amp#27;[2m---&amp#27;[0;39m &amp#27;[2m[pension-benefit-microservice-platform] [           main]&amp#27;[0;39m &amp#27;[2m&amp#27;[0;39m&amp#27;[36mo.t.utility.ImageNameSubstitutor        &amp#27;[0;39m &amp#27;[2m:&amp#27;[0;39m Image name substitution will be performed by: DefaultImageNameSubstitutor (composite of 'ConfigurationFileImageNameSubstitutor' and 'PrefixingImageNameSubstitutor')
&amp#27;[2m2026-03-07T00:45:03.590+01:00&amp#27;[0;39m &amp#27;[32m INFO&amp#27;[0;39m &amp#27;[35m83087&amp#27;[0;39m &amp#27;[2m---&amp#27;[0;39m &amp#27;[2m[pension-benefit-microservice-platform] [           main]&amp#27;[0;39m &amp#27;[2m&amp#27;[0;39m&amp#27;[36mo.t.d.DockerClientProviderStrategy      &amp#27;[0;39m &amp#27;[2m:&amp#27;[0;39m Found Docker environment with Docker accessed via Unix socket (/Users/shotaroishii/.docker/run/docker.sock)
&amp#27;[2m2026-03-07T00:45:03.595+01:00&amp#27;[0;39m &amp#27;[32m INFO&amp#27;[0;39m &amp#27;[35m83087&amp#27;[0;39m &amp#27;[2m---&amp#27;[0;39m &amp#27;[2m[pension-benefit-microservice-platform] [           main]&amp#27;[0;39m &amp#27;[2m&amp#27;[0;39m&amp#27;[36morg.testcontainers.DockerClientFactory  &amp#27;[0;39m &amp#27;[2m:&amp#27;[0;39m Docker host IP address is localhost
&amp#27;[2m2026-03-07T00:45:03.637+01:00&amp#27;[0;39m &amp#27;[32m INFO&amp#27;[0;39m &amp#27;[35m83087&amp#27;[0;39m &amp#27;[2m---&amp#27;[0;39m &amp#27;[2m[pension-benefit-microservice-platform] [           main]&amp#27;[0;39m &amp#27;[2m&amp#27;[0;39m&amp#27;[36morg.testcontainers.DockerClientFactory  &amp#27;[0;39m &amp#27;[2m:&amp#27;[0;39m Connected to docker: 
  Server Version: 28.5.1
  API Version: 1.51
  Operating System: Docker Desktop
  Total Memory: 7837 MB
&amp#27;[2m2026-03-07T00:45:03.710+01:00&amp#27;[0;39m &amp#27;[32m INFO&amp#27;[0;39m &amp#27;[35m83087&amp#27;[0;39m &amp#27;[2m---&amp#27;[0;39m &amp#27;[2m[pension-benefit-microservice-platform] [           main]&amp#27;[0;39m &amp#27;[2m&amp#27;[0;39m&amp#27;[36mtc.testcontainers/ryuk:0.6.0            &amp#27;[0;39m &amp#27;[2m:&amp#27;[0;39m Creating container for image: testcontainers/ryuk:0.6.0
&amp#27;[2m2026-03-07T00:45:03.957+01:00&amp#27;[0;39m &amp#27;[32m INFO&amp#27;[0;39m &amp#27;[35m83087&amp#27;[0;39m &amp#27;[2m---&amp#27;[0;39m &amp#27;[2m[pension-benefit-microservice-platform] [           main]&amp#27;[0;39m &amp#27;[2m&amp#27;[0;39m&amp#27;[36mo.t.utility.RegistryAuthLocator         &amp#27;[0;39m &amp#27;[2m:&amp#27;[0;39m Credential helper/store (docker-credential-desktop) does not have credentials for https://index.docker.io/v1/
&amp#27;[2m2026-03-07T00:45:04.221+01:00&amp#27;[0;39m &amp#27;[32m INFO&amp#27;[0;39m &amp#27;[35m83087&amp#27;[0;39m &amp#27;[2m---&amp#27;[0;39m &amp#27;[2m[pension-benefit-microservice-platform] [           main]&amp#27;[0;39m &amp#27;[2m&amp#27;[0;39m&amp#27;[36mtc.testcontainers/ryuk:0.6.0            &amp#27;[0;39m &amp#27;[2m:&amp#27;[0;39m Container testcontainers/ryuk:0.6.0 is starting: b1a552556d79023b293c0cca58f14af5a09ce2c7876ab7f0ad148b9adde03889
&amp#27;[2m2026-03-07T00:45:04.694+01:00&amp#27;[0;39m &amp#27;[32m INFO&amp#27;[0;39m &amp#27;[35m83087&amp#27;[0;39m &amp#27;[2m---&amp#27;[0;39m &amp#27;[2m[pension-benefit-microservice-platform] [           main]&amp#27;[0;39m &amp#27;[2m&amp#27;[0;39m&amp#27;[36mtc.testcontainers/ryuk:0.6.0            &amp#27;[0;39m &amp#27;[2m:&amp#27;[0;39m Container testcontainers/ryuk:0.6.0 started in PT0.984511S
&amp#27;[2m2026-03-07T00:45:04.707+01:00&amp#27;[0;39m &amp#27;[32m INFO&amp#27;[0;39m &amp#27;[35m83087&amp#27;[0;39m &amp#27;[2m---&amp#27;[0;39m &amp#27;[2m[pension-benefit-microservice-platform] [           main]&amp#27;[0;39m &amp#27;[2m&amp#27;[0;39m&amp#27;[36mo.t.utility.RyukResourceReaper          &amp#27;[0;39m &amp#27;[2m:&amp#27;[0;39m Ryuk started - will monitor and terminate Testcontainers containers on JVM exit
&amp#27;[2m2026-03-07T00:45:04.708+01:00&amp#27;[0;39m &amp#27;[32m INFO&amp#27;[0;39m &amp#27;[35m83087&amp#27;[0;39m &amp#27;[2m---&amp#27;[0;39m &amp#27;[2m[pension-benefit-microservice-platform] [           main]&amp#27;[0;39m &amp#27;[2m&amp#27;[0;39m&amp#27;[36morg.testcontainers.DockerClientFactory  &amp#27;[0;39m &amp#27;[2m:&amp#27;[0;39m Checking the system...
&amp#27;[2m2026-03-07T00:45:04.709+01:00&amp#27;[0;39m &amp#27;[32m INFO&amp#27;[0;39m &amp#27;[35m83087&amp#27;[0;39m &amp#27;[2m---&amp#27;[0;39m &amp#27;[2m[pension-benefit-microservice-platform] [           main]&amp#27;[0;39m &amp#27;[2m&amp#27;[0;39m&amp#27;[36morg.testcontainers.DockerClientFactory  &amp#27;[0;39m &amp#27;[2m:&amp#27;[0;39m ✔︎ Docker server version should be at least 1.6.0
&amp#27;[2m2026-03-07T00:45:04.711+01:00&amp#27;[0;39m &amp#27;[32m INFO&amp#27;[0;39m &amp#27;[35m83087&amp#27;[0;39m &amp#27;[2m---&amp#27;[0;39m &amp#27;[2m[pension-benefit-microservice-platform] [           main]&amp#27;[0;39m &amp#27;[2m&amp#27;[0;39m&amp#27;[36mtc.postgres:16-alpine                   &amp#27;[0;39m &amp#27;[2m:&amp#27;[0;39m Creating container for image: postgres:16-alpine
&amp#27;[2m2026-03-07T00:45:04.750+01:00&amp#27;[0;39m &amp#27;[32m INFO&amp#27;[0;39m &amp#27;[35m83087&amp#27;[0;39m &amp#27;[2m---&amp#27;[0;39m &amp#27;[2m[pension-benefit-microservice-platform] [           main]&amp#27;[0;39m &amp#27;[2m&amp#27;[0;39m&amp#27;[36mtc.postgres:16-alpine                   &amp#27;[0;39m &amp#27;[2m:&amp#27;[0;39m Container postgres:16-alpine is starting: 0d256b1f7388da6764febdc59085719121bbfacd7e62054fd5e592a689f8346c
&amp#27;[2m2026-03-07T00:45:05.863+01:00&amp#27;[0;39m &amp#27;[32m INFO&amp#27;[0;39m &amp#27;[35m83087&amp#27;[0;39m &amp#27;[2m---&amp#27;[0;39m &amp#27;[2m[pension-benefit-microservice-platform] [           main]&amp#27;[0;39m &amp#27;[2m&amp#27;[0;39m&amp#27;[36mtc.postgres:16-alpine                   &amp#27;[0;39m &amp#27;[2m:&amp#27;[0;39m Container postgres:16-alpine started in PT1.151921S
&amp#27;[2m2026-03-07T00:45:05.867+01:00&amp#27;[0;39m &amp#27;[32m INFO&amp#27;[0;39m &amp#27;[35m83087&amp#27;[0;39m &amp#27;[2m---&amp#27;[0;39m &amp#27;[2m[pension-benefit-microservice-platform] [           main]&amp#27;[0;39m &amp#27;[2m&amp#27;[0;39m&amp#27;[36mtc.postgres:16-alpine                   &amp#27;[0;39m &amp#27;[2m:&amp#27;[0;39m Container is started (JDBC URL: jdbc:postgresql://localhost:63429/pension_test?loggerLevel=OFF)
&amp#27;[2m2026-03-07T00:45:05.907+01:00&amp#27;[0;39m &amp#27;[32m INFO&amp#27;[0;39m &amp#27;[35m83087&amp#27;[0;39m &amp#27;[2m---&amp#27;[0;39m &amp#27;[2m[pension-benefit-microservice-platform] [           main]&amp#27;[0;39m &amp#27;[2m&amp#27;[0;39m&amp#27;[36m.s.p.p.PensionCalculationIntegrationTest&amp#27;[0;39m &amp#27;[2m:&amp#27;[0;39m Starting PensionCalculationIntegrationTest using Java 24.0.1 with PID 83087 (started by shotaroishii in /Users/shotaroishii/Documents/GitHub/Pension-Benefit-Microservice-Platform)
&amp#27;[2m2026-03-07T00:45:05.912+01:00&amp#27;[0;39m &amp#27;[32m INFO&amp#27;[0;39m &amp#27;[35m83087&amp#27;[0;39m &amp#27;[2m---&amp#27;[0;39m &amp#27;[2m[pension-benefit-microservice-platform] [           main]&amp#27;[0;39m &amp#27;[2m&amp#27;[0;39m&amp#27;[36m.s.p.p.PensionCalculationIntegrationTest&amp#27;[0;39m &amp#27;[2m:&amp#27;[0;39m The following 1 profile is active: "test"
&amp#27;[2m2026-03-07T00:45:08.390+01:00&amp#27;[0;39m &amp#27;[32m INFO&amp#27;[0;39m &amp#27;[35m83087&amp#27;[0;39m &amp#27;[2m---&amp#27;[0;39m &amp#27;[2m[pension-benefit-microservice-platform] [           main]&amp#27;[0;39m &amp#27;[2m&amp#27;[0;39m&amp#27;[36m.s.d.r.c.RepositoryConfigurationDelegate&amp#27;[0;39m &amp#27;[2m:&amp#27;[0;39m Bootstrapping Spring Data JPA repositories in DEFAULT mode.
&amp#27;[2m2026-03-07T00:45:08.550+01:00&amp#27;[0;39m &amp#27;[32m INFO&amp#27;[0;39m &amp#27;[35m83087&amp#27;[0;39m &amp#27;[2m---&amp#27;[0;39m &amp#27;[2m[pension-benefit-microservice-platform] [           main]&amp#27;[0;39m &amp#27;[2m&amp#27;[0;39m&amp#27;[36m.s.d.r.c.RepositoryConfigurationDelegate&amp#27;[0;39m &amp#27;[2m:&amp#27;[0;39m Finished Spring Data repository scanning in 149 ms. Found 3 JPA repository interfaces.
&amp#27;[2m2026-03-07T00:45:11.802+01:00&amp#27;[0;39m &amp#27;[32m INFO&amp#27;[0;39m &amp#27;[35m83087&amp#27;[0;39m &amp#27;[2m---&amp#27;[0;39m &amp#27;[2m[pension-benefit-microservice-platform] [           main]&amp#27;[0;39m &amp#27;[2m&amp#27;[0;39m&amp#27;[36mcom.zaxxer.hikari.HikariDataSource      &amp#27;[0;39m &amp#27;[2m:&amp#27;[0;39m HikariPool-1 - Starting...
&amp#27;[2m2026-03-07T00:45:12.069+01:00&amp#27;[0;39m &amp#27;[32m INFO&amp#27;[0;39m &amp#27;[35m83087&amp#27;[0;39m &amp#27;[2m---&amp#27;[0;39m &amp#27;[2m[pension-benefit-microservice-platform] [           main]&amp#27;[0;39m &amp#27;[2m&amp#27;[0;39m&amp#27;[36mcom.zaxxer.hikari.pool.HikariPool       &amp#27;[0;39m &amp#27;[2m:&amp#27;[0;39m HikariPool-1 - Added connection org.postgresql.jdbc.PgConnection@384b3fe7
&amp#27;[2m2026-03-07T00:45:12.073+01:00&amp#27;[0;39m &amp#27;[32m INFO&amp#27;[0;39m &amp#27;[35m83087&amp#27;[0;39m &amp#27;[2m---&amp#27;[0;39m &amp#27;[2m[pension-benefit-microservice-platform] [           main]&amp#27;[0;39m &amp#27;[2m&amp#27;[0;39m&amp#27;[36mcom.zaxxer.hikari.HikariDataSource      &amp#27;[0;39m &amp#27;[2m:&amp#27;[0;39m HikariPool-1 - Start completed.
&amp#27;[2m2026-03-07T00:45:12.330+01:00&amp#27;[0;39m &amp#27;[32m INFO&amp#27;[0;39m &amp#27;[35m83087&amp#27;[0;39m &amp#27;[2m---&amp#27;[0;39m &amp#27;[2m[pension-benefit-microservice-platform] [           main]&amp#27;[0;39m &amp#27;[2m&amp#27;[0;39m&amp#27;[36mo.f.c.internal.license.VersionPrinter   &amp#27;[0;39m &amp#27;[2m:&amp#27;[0;39m Flyway Community Edition 9.22.3 by Redgate
&amp#27;[2m2026-03-07T00:45:12.330+01:00&amp#27;[0;39m &amp#27;[32m INFO&amp#27;[0;39m &amp#27;[35m83087&amp#27;[0;39m &amp#27;[2m---&amp#27;[0;39m &amp#27;[2m[pension-benefit-microservice-platform] [           main]&amp#27;[0;39m &amp#27;[2m&amp#27;[0;39m&amp#27;[36mo.f.c.internal.license.VersionPrinter   &amp#27;[0;39m &amp#27;[2m:&amp#27;[0;39m See release notes here: https://rd.gt/416ObMi
&amp#27;[2m2026-03-07T00:45:12.330+01:00&amp#27;[0;39m &amp#27;[32m INFO&amp#27;[0;39m &amp#27;[35m83087&amp#27;[0;39m &amp#27;[2m---&amp#27;[0;39m &amp#27;[2m[pension-benefit-microservice-platform] [           main]&amp#27;[0;39m &amp#27;[2m&amp#27;[0;39m&amp#27;[36mo.f.c.internal.license.VersionPrinter   &amp#27;[0;39m &amp#27;[2m:&amp#27;[0;39m 
&amp#27;[2m2026-03-07T00:45:12.351+01:00&amp#27;[0;39m &amp#27;[32m INFO&amp#27;[0;39m &amp#27;[35m83087&amp#27;[0;39m &amp#27;[2m---&amp#27;[0;39m &amp#27;[2m[pension-benefit-microservice-platform] [           main]&amp#27;[0;39m &amp#27;[2m&amp#27;[0;39m&amp#27;[36morg.flywaydb.core.FlywayExecutor        &amp#27;[0;39m &amp#27;[2m:&amp#27;[0;39m Database: jdbc:postgresql://localhost:63429/pension_test (PostgreSQL 16.11)
&amp#27;[2m2026-03-07T00:45:12.371+01:00&amp#27;[0;39m &amp#27;[33m WARN&amp#27;[0;39m &amp#27;[35m83087&amp#27;[0;39m &amp#27;[2m---&amp#27;[0;39m &amp#27;[2m[pension-benefit-microservice-platform] [           main]&amp#27;[0;39m &amp#27;[2m&amp#27;[0;39m&amp#27;[36mo.f.c.internal.database.base.Database   &amp#27;[0;39m &amp#27;[2m:&amp#27;[0;39m Flyway upgrade recommended: PostgreSQL 16.11 is newer than this version of Flyway and support has not been tested. The latest supported version of PostgreSQL is 15.
&amp#27;[2m2026-03-07T00:45:12.448+01:00&amp#27;[0;39m &amp#27;[32m INFO&amp#27;[0;39m &amp#27;[35m83087&amp#27;[0;39m &amp#27;[2m---&amp#27;[0;39m &amp#27;[2m[pension-benefit-microservice-platform] [           main]&amp#27;[0;39m &amp#27;[2m&amp#27;[0;39m&amp#27;[36mo.f.c.i.s.JdbcTableSchemaHistory        &amp#27;[0;39m &amp#27;[2m:&amp#27;[0;39m Schema history table "public"."flyway_schema_history" does not exist yet
&amp#27;[2m2026-03-07T00:45:12.454+01:00&amp#27;[0;39m &amp#27;[32m INFO&amp#27;[0;39m &amp#27;[35m83087&amp#27;[0;39m &amp#27;[2m---&amp#27;[0;39m &amp#27;[2m[pension-benefit-microservice-platform] [           main]&amp#27;[0;39m &amp#27;[2m&amp#27;[0;39m&amp#27;[36mo.f.core.internal.command.DbValidate    &amp#27;[0;39m &amp#27;[2m:&amp#27;[0;39m Successfully validated 3 migrations (execution time 00:00.068s)
&amp#27;[2m2026-03-07T00:45:12.495+01:00&amp#27;[0;39m &amp#27;[32m INFO&amp#27;[0;39m &amp#27;[35m83087&amp#27;[0;39m &amp#27;[2m---&amp#27;[0;39m &amp#27;[2m[pension-benefit-microservice-platform] [           main]&amp#27;[0;39m &amp#27;[2m&amp#27;[0;39m&amp#27;[36mo.f.c.i.s.JdbcTableSchemaHistory        &amp#27;[0;39m &amp#27;[2m:&amp#27;[0;39m Creating Schema History table "public"."flyway_schema_history" ...
&amp#27;[2m2026-03-07T00:45:12.548+01:00&amp#27;[0;39m &amp#27;[32m INFO&amp#27;[0;39m &amp#27;[35m83087&amp#27;[0;39m &amp#27;[2m---&amp#27;[0;39m &amp#27;[2m[pension-benefit-microservice-platform] [           main]&amp#27;[0;39m &amp#27;[2m&amp#27;[0;39m&amp#27;[36mo.f.core.internal.command.DbMigrate     &amp#27;[0;39m &amp#27;[2m:&amp#27;[0;39m Current version of schema "public": << Empty Schema >>
&amp#27;[2m2026-03-07T00:45:12.564+01:00&amp#27;[0;39m &amp#27;[32m INFO&amp#27;[0;39m &amp#27;[35m83087&amp#27;[0;39m &amp#27;[2m---&amp#27;[0;39m &amp#27;[2m[pension-benefit-microservice-platform] [           main]&amp#27;[0;39m &amp#27;[2m&amp#27;[0;39m&amp#27;[36mo.f.core.internal.command.DbMigrate     &amp#27;[0;39m &amp#27;[2m:&amp#27;[0;39m Migrating schema "public" to version "1 - create citizens table"
&amp#27;[2m2026-03-07T00:45:12.598+01:00&amp#27;[0;39m &amp#27;[32m INFO&amp#27;[0;39m &amp#27;[35m83087&amp#27;[0;39m &amp#27;[2m---&amp#27;[0;39m &amp#27;[2m[pension-benefit-microservice-platform] [           main]&amp#27;[0;39m &amp#27;[2m&amp#27;[0;39m&amp#27;[36mo.f.core.internal.command.DbMigrate     &amp#27;[0;39m &amp#27;[2m:&amp#27;[0;39m Migrating schema "public" to version "2 - create contributions table"
&amp#27;[2m2026-03-07T00:45:12.635+01:00&amp#27;[0;39m &amp#27;[32m INFO&amp#27;[0;39m &amp#27;[35m83087&amp#27;[0;39m &amp#27;[2m---&amp#27;[0;39m &amp#27;[2m[pension-benefit-microservice-platform] [           main]&amp#27;[0;39m &amp#27;[2m&amp#27;[0;39m&amp#27;[36mo.f.core.internal.command.DbMigrate     &amp#27;[0;39m &amp#27;[2m:&amp#27;[0;39m Migrating schema "public" to version "3 - create payments table"
&amp#27;[2m2026-03-07T00:45:12.656+01:00&amp#27;[0;39m &amp#27;[32m INFO&amp#27;[0;39m &amp#27;[35m83087&amp#27;[0;39m &amp#27;[2m---&amp#27;[0;39m &amp#27;[2m[pension-benefit-microservice-platform] [           main]&amp#27;[0;39m &amp#27;[2m&amp#27;[0;39m&amp#27;[36mo.f.core.internal.command.DbMigrate     &amp#27;[0;39m &amp#27;[2m:&amp#27;[0;39m Successfully applied 3 migrations to schema "public", now at version v3 (execution time 00:00.028s)
&amp#27;[2m2026-03-07T00:45:13.134+01:00&amp#27;[0;39m &amp#27;[32m INFO&amp#27;[0;39m &amp#27;[35m83087&amp#27;[0;39m &amp#27;[2m---&amp#27;[0;39m &amp#27;[2m[pension-benefit-microservice-platform] [           main]&amp#27;[0;39m &amp#27;[2m&amp#27;[0;39m&amp#27;[36mo.hibernate.jpa.internal.util.LogHelper &amp#27;[0;39m &amp#27;[2m:&amp#27;[0;39m HHH000204: Processing PersistenceUnitInfo [name: default]
&amp#27;[2m2026-03-07T00:45:13.251+01:00&amp#27;[0;39m &amp#27;[32m INFO&amp#27;[0;39m &amp#27;[35m83087&amp#27;[0;39m &amp#27;[2m---&amp#27;[0;39m &amp#27;[2m[pension-benefit-microservice-platform] [           main]&amp#27;[0;39m &amp#27;[2m&amp#27;[0;39m&amp#27;[36morg.hibernate.Version                   &amp#27;[0;39m &amp#27;[2m:&amp#27;[0;39m HHH000412: Hibernate ORM core version 6.4.4.Final
&amp#27;[2m2026-03-07T00:45:13.314+01:00&amp#27;[0;39m &amp#27;[32m INFO&amp#27;[0;39m &amp#27;[35m83087&amp#27;[0;39m &amp#27;[2m---&amp#27;[0;39m &amp#27;[2m[pension-benefit-microservice-platform] [           main]&amp#27;[0;39m &amp#27;[2m&amp#27;[0;39m&amp#27;[36mo.h.c.internal.RegionFactoryInitiator   &amp#27;[0;39m &amp#27;[2m:&amp#27;[0;39m HHH000026: Second-level cache disabled
&amp#27;[2m2026-03-07T00:45:13.524+01:00&amp#27;[0;39m &amp#27;[32m INFO&amp#27;[0;39m &amp#27;[35m83087&amp#27;[0;39m &amp#27;[2m---&amp#27;[0;39m &amp#27;[2m[pension-benefit-microservice-platform] [           main]&amp#27;[0;39m &amp#27;[2m&amp#27;[0;39m&amp#27;[36mo.s.o.j.p.SpringPersistenceUnitInfo     &amp#27;[0;39m &amp#27;[2m:&amp#27;[0;39m No LoadTimeWeaver setup: ignoring JPA class transformer
&amp#27;[2m2026-03-07T00:45:14.796+01:00&amp#27;[0;39m &amp#27;[32m INFO&amp#27;[0;39m &amp#27;[35m83087&amp#27;[0;39m &amp#27;[2m---&amp#27;[0;39m &amp#27;[2m[pension-benefit-microservice-platform] [           main]&amp#27;[0;39m &amp#27;[2m&amp#27;[0;39m&amp#27;[36mo.h.e.t.j.p.i.JtaPlatformInitiator      &amp#27;[0;39m &amp#27;[2m:&amp#27;[0;39m HHH000489: No JTA platform available (set 'hibernate.transaction.jta.platform' to enable JTA platform integration)
&amp#27;[2m2026-03-07T00:45:14.849+01:00&amp#27;[0;39m &amp#27;[32m INFO&amp#27;[0;39m &amp#27;[35m83087&amp#27;[0;39m &amp#27;[2m---&amp#27;[0;39m &amp#27;[2m[pension-benefit-microservice-platform] [           main]&amp#27;[0;39m &amp#27;[2m&amp#27;[0;39m&amp#27;[36mj.LocalContainerEntityManagerFactoryBean&amp#27;[0;39m &amp#27;[2m:&amp#27;[0;39m Initialized JPA EntityManagerFactory for persistence unit 'default'
&amp#27;[2m2026-03-07T00:45:18.169+01:00&amp#27;[0;39m &amp#27;[32m INFO&amp#27;[0;39m &amp#27;[35m83087&amp#27;[0;39m &amp#27;[2m---&amp#27;[0;39m &amp#27;[2m[pension-benefit-microservice-platform] [           main]&amp#27;[0;39m &amp#27;[2m&amp#27;[0;39m&amp#27;[36mo.s.b.a.e.web.EndpointLinksResolver     &amp#27;[0;39m &amp#27;[2m:&amp#27;[0;39m Exposing 1 endpoint(s) beneath base path '/actuator'
&amp#27;[2m2026-03-07T00:45:18.317+01:00&amp#27;[0;39m &amp#27;[32m INFO&amp#27;[0;39m &amp#27;[35m83087&amp#27;[0;39m &amp#27;[2m---&amp#27;[0;39m &amp#27;[2m[pension-benefit-microservice-platform] [           main]&amp#27;[0;39m &amp#27;[2m&amp#27;[0;39m&amp#27;[36mo.s.s.web.DefaultSecurityFilterChain    &amp#27;[0;39m &amp#27;[2m:&amp#27;[0;39m Will secure any request with [org.springframework.security.web.session.DisableEncodeUrlFilter@7931cea2, org.springframework.security.web.context.request.async.WebAsyncManagerIntegrationFilter@4b9be679, org.springframework.security.web.context.SecurityContextHolderFilter@43dc6864, org.springframework.security.web.header.HeaderWriterFilter@476e4bb0, org.springframework.web.filter.CorsFilter@45e97963, org.springframework.security.web.authentication.logout.LogoutFilter@56e32a23, org.springframework.security.web.authentication.www.BasicAuthenticationFilter@65daaa95, org.springframework.security.web.savedrequest.RequestCacheAwareFilter@29d578de, org.springframework.security.web.servletapi.SecurityContextHolderAwareRequestFilter@165ec33, org.springframework.security.web.authentication.AnonymousAuthenticationFilter@768dcd21, org.springframework.security.web.access.ExceptionTranslationFilter@44bd11a2, org.springframework.security.web.access.intercept.AuthorizationFilter@1752ab9b]
&amp#27;[2m2026-03-07T00:45:19.579+01:00&amp#27;[0;39m &amp#27;[32m INFO&amp#27;[0;39m &amp#27;[35m83087&amp#27;[0;39m &amp#27;[2m---&amp#27;[0;39m &amp#27;[2m[pension-benefit-microservice-platform] [           main]&amp#27;[0;39m &amp#27;[2m&amp#27;[0;39m&amp#27;[36mo.s.b.t.m.w.SpringBootMockServletContext&amp#27;[0;39m &amp#27;[2m:&amp#27;[0;39m Initializing Spring TestDispatcherServlet ''
&amp#27;[2m2026-03-07T00:45:19.581+01:00&amp#27;[0;39m &amp#27;[32m INFO&amp#27;[0;39m &amp#27;[35m83087&amp#27;[0;39m &amp#27;[2m---&amp#27;[0;39m &amp#27;[2m[pension-benefit-microservice-platform] [           main]&amp#27;[0;39m &amp#27;[2m&amp#27;[0;39m&amp#27;[36mo.s.t.web.servlet.TestDispatcherServlet &amp#27;[0;39m &amp#27;[2m:&amp#27;[0;39m Initializing Servlet ''
&amp#27;[2m2026-03-07T00:45:19.582+01:00&amp#27;[0;39m &amp#27;[32m INFO&amp#27;[0;39m &amp#27;[35m83087&amp#27;[0;39m &amp#27;[2m---&amp#27;[0;39m &amp#27;[2m[pension-benefit-microservice-platform] [           main]&amp#27;[0;39m &amp#27;[2m&amp#27;[0;39m&amp#27;[36mo.s.t.web.servlet.TestDispatcherServlet &amp#27;[0;39m &amp#27;[2m:&amp#27;[0;39m Completed initialization in 0 ms
&amp#27;[2m2026-03-07T00:45:19.726+01:00&amp#27;[0;39m &amp#27;[32m INFO&amp#27;[0;39m &amp#27;[35m83087&amp#27;[0;39m &amp#27;[2m---&amp#27;[0;39m &amp#27;[2m[pension-benefit-microservice-platform] [           main]&amp#27;[0;39m &amp#27;[2m&amp#27;[0;39m&amp#27;[36m.s.p.p.PensionCalculationIntegrationTest&amp#27;[0;39m &amp#27;[2m:&amp#27;[0;39m Started PensionCalculationIntegrationTest in 19.17 seconds (process running for 21.792)
Hibernate: 
    select
        c1_0.id 
    from
        public.citizens c1_0 
    where
        c1_0.personal_number=? 
    fetch
        first ? rows only
Hibernate: 
    insert 
    into
        public.citizens
        (birth_date, created_at, first_name, last_name, personal_number) 
    values
        (?, ?, ?, ?, ?)
Hibernate: 
    select
        count(*) 
    from
        public.citizens c1_0 
    where
        c1_0.id=?
Hibernate: 
    select
        c1_0.id 
    from
        public.contributions c1_0 
    where
        c1_0.citizen_id=? 
        and c1_0.year=? 
    fetch
        first ? rows only
Hibernate: 
    insert 
    into
        public.contributions
        (citizen_id, contribution_amount, created_at, salary, year) 
    values
        (?, ?, ?, ?, ?)
Hibernate: 
    select
        count(*) 
    from
        public.citizens c1_0 
    where
        c1_0.id=?
Hibernate: 
    select
        c1_0.id 
    from
        public.contributions c1_0 
    where
        c1_0.citizen_id=? 
        and c1_0.year=? 
    fetch
        first ? rows only
Hibernate: 
    insert 
    into
        public.contributions
        (citizen_id, contribution_amount, created_at, salary, year) 
    values
        (?, ?, ?, ?, ?)
Hibernate: 
    select
        count(*) 
    from
        public.citizens c1_0 
    where
        c1_0.id=?
Hibernate: 
    select
        c1_0.id 
    from
        public.contributions c1_0 
    where
        c1_0.citizen_id=? 
        and c1_0.year=? 
    fetch
        first ? rows only
Hibernate: 
    insert 
    into
        public.contributions
        (citizen_id, contribution_amount, created_at, salary, year) 
    values
        (?, ?, ?, ?, ?)
Hibernate: 
    select
        count(*) 
    from
        public.citizens c1_0 
    where
        c1_0.id=?
Hibernate: 
    select
        c1_0.id,
        c1_0.citizen_id,
        c1_0.contribution_amount,
        c1_0.created_at,
        c1_0.salary,
        c1_0.year 
    from
        public.contributions c1_0 
    where
        c1_0.citizen_id=? 
    order by
        c1_0.year
]]></system-out>
    <system-err><![CDATA[WARNING: A Java agent has been loaded dynamically (/Users/shotaroishii/.m2/repository/net/bytebuddy/byte-buddy-agent/1.14.13/byte-buddy-agent-1.14.13.jar)
WARNING: If a serviceability tool is in use, please run with -XX:+EnableDynamicAgentLoading to hide this warning
WARNING: If a serviceability tool is not in use, please run with -Djdk.instrument.traceUsage for more information
WARNING: Dynamic loading of agents will be disallowed by default in a future release
]]></system-err>
  </testcase>
</testsuite>